<?xml version="1.0" encoding="UTF-8"?>
<!-- Generated by org.testng.reporters.JUnitReportReporter -->
<testsuite hostname="aks-PC" name="com.qa.pages.PraTest1" tests="4" failures="0" timestamp="20 Sep 2019 18:33:19 GMT" time="0.000" errors="0">
  <testcase name="multi" time="0.000" classname="com.qa.pages.PraTest1"/>
  <testcase name="sub" time="0.000" classname="com.qa.pages.PraTest1"/>
  <testcase name="div" time="0.000" classname="com.qa.pages.PraTest1"/>
  <testcase name="sum" time="0.000" classname="com.qa.pages.PraTest1"/>
</testsuite> <!-- com.qa.pages.PraTest1 -->
