<?xml version="1.0" encoding="UTF-8"?>
<!-- Generated by org.testng.reporters.JUnitReportReporter -->
<testsuite hostname="aks-PC" name="com.qa.pages.PraTest" tests="4" failures="0" timestamp="18 Sep 2019 18:56:09 GMT" time="0.022" errors="0">
  <testcase name="multi" time="0.001" classname="com.qa.pages.PraTest"/>
  <testcase name="div" time="0.019" classname="com.qa.pages.PraTest"/>
  <testcase name="sub" time="0.001" classname="com.qa.pages.PraTest"/>
  <testcase name="sum" time="0.001" classname="com.qa.pages.PraTest"/>
</testsuite> <!-- com.qa.pages.PraTest -->
