<?xml version="1.0" encoding="UTF-8"?>
<!-- Generated by org.testng.reporters.JUnitReportReporter -->
<testsuite hostname="aks-PC" name="com.mypra.app.PraTest" tests="4" failures="0" timestamp="15 Aug 2019 18:13:34 GMT" time="0.046" errors="0">
  <testcase name="multi" time="0.001" classname="com.mypra.app.PraTest"/>
  <testcase name="sum" time="0.001" classname="com.mypra.app.PraTest"/>
  <testcase name="sub" time="0.000" classname="com.mypra.app.PraTest"/>
  <testcase name="div" time="0.044" classname="com.mypra.app.PraTest"/>
</testsuite> <!-- com.mypra.app.PraTest -->
