<?xml version="1.0" encoding="UTF-8"?>
<!-- Generated by org.testng.reporters.JUnitReportReporter -->
<testsuite hostname="aks-PC" name="Mavendemo.DemoTest2" tests="4" failures="0" timestamp="14 Aug 2019 18:21:58 GMT" time="0.065" errors="0">
  <testcase name="multi" time="0.001" classname="Mavendemo.DemoTest2"/>
  <testcase name="sum" time="0.001" classname="Mavendemo.DemoTest2"/>
  <testcase name="sub" time="0.001" classname="Mavendemo.DemoTest2"/>
  <testcase name="div" time="0.062" classname="Mavendemo.DemoTest2"/>
</testsuite> <!-- Mavendemo.DemoTest2 -->
