<?xml version="1.0" encoding="UTF-8"?>
<!-- Generated by org.testng.reporters.JUnitReportReporter -->
<testsuite skipped="0" hostname="aks-PC" name="com.qa.pages.PraTest" tests="4" failures="0" timestamp="19 Sep 2019 18:26:25 GMT" time="0.050" errors="0">
  <testcase name="div" time="0.049" classname="com.qa.pages.PraTest"/>
  <testcase name="sub" time="0.000" classname="com.qa.pages.PraTest"/>
  <testcase name="sum" time="0.000" classname="com.qa.pages.PraTest"/>
  <testcase name="multi" time="0.001" classname="com.qa.pages.PraTest"/>
</testsuite> <!-- com.qa.pages.PraTest -->
